Array
(
    [user_id] => 29
    [items] => Array
        (
            [0] => Array
                (
                    [product_id] => 6
                    [quantity] => 1
                    [price] => 130000.00
                )

            [1] => Array
                (
                    [product_id] => 58
                    [quantity] => 1
                    [price] => 250000.00
                )

            [2] => Array
                (
                    [product_id] => 19
                    [quantity] => 1
                    [price] => 70000.00
                )

            [3] => Array
                (
                    [product_id] => 41
                    [quantity] => 1
                    [price] => 48700.00
                )

            [4] => Array
                (
                    [product_id] => 43
                    [quantity] => 1
                    [price] => 55500.00
                )

            [5] => Array
                (
                    [product_id] => 21
                    [quantity] => 1
                    [price] => 40000.00
                )

            [6] => Array
                (
                    [product_id] => 69
                    [quantity] => 1
                    [price] => 38700.00
                )

            [7] => Array
                (
                    [product_id] => 37
                    [quantity] => 1
                    [price] => 25800.00
                )

            [8] => Array
                (
                    [product_id] => 28
                    [quantity] => 1
                    [price] => 36000.00
                )

            [9] => Array
                (
                    [product_id] => 62
                    [quantity] => 1
                    [price] => 41700.00
                )

        )

    [total_amount] => 736400
    [payment_method] => VISA
    [assignment_id] => 30
)
assignment_id: '30'
Array
(
    [user_id] => 29
    [items] => Array
        (
            [0] => Array
                (
                    [product_id] => 5
                    [quantity] => 1
                    [price] => 95000.00
                )

            [1] => Array
                (
                    [product_id] => 56
                    [quantity] => 1
                    [price] => 76000.00
                )

            [2] => Array
                (
                    [product_id] => 14
                    [quantity] => 1
                    [price] => 45000.00
                )

            [3] => Array
                (
                    [product_id] => 41
                    [quantity] => 1
                    [price] => 48700.00
                )

            [4] => Array
                (
                    [product_id] => 45
                    [quantity] => 1
                    [price] => 42600.00
                )

            [5] => Array
                (
                    [product_id] => 23
                    [quantity] => 1
                    [price] => 24000.00
                )

            [6] => Array
                (
                    [product_id] => 94
                    [quantity] => 1
                    [price] => 8000.00
                )

            [7] => Array
                (
                    [product_id] => 7
                    [quantity] => 1
                    [price] => 11400.00
                )

            [8] => Array
                (
                    [product_id] => 103
                    [quantity] => 1
                    [price] => 6000.00
                )

            [9] => Array
                (
                    [product_id] => 97
                    [quantity] => 1
                    [price] => 13000.00
                )

        )

    [total_amount] => 369700
    [payment_method] => VISA
    [assignment_id] => 31
)
assignment_id: '31'
Array
(
    [user_id] => 29
    [items] => Array
        (
            [0] => Array
                (
                    [product_id] => 5
                    [quantity] => 1
                    [price] => 95000.00
                )

            [1] => Array
                (
                    [product_id] => 56
                    [quantity] => 1
                    [price] => 76000.00
                )

            [2] => Array
                (
                    [product_id] => 14
                    [quantity] => 1
                    [price] => 45000.00
                )

            [3] => Array
                (
                    [product_id] => 41
                    [quantity] => 1
                    [price] => 48700.00
                )

            [4] => Array
                (
                    [product_id] => 45
                    [quantity] => 1
                    [price] => 42600.00
                )

            [5] => Array
                (
                    [product_id] => 23
                    [quantity] => 1
                    [price] => 24000.00
                )

            [6] => Array
                (
                    [product_id] => 94
                    [quantity] => 1
                    [price] => 8000.00
                )

            [7] => Array
                (
                    [product_id] => 7
                    [quantity] => 1
                    [price] => 11400.00
                )

            [8] => Array
                (
                    [product_id] => 103
                    [quantity] => 1
                    [price] => 6000.00
                )

            [9] => Array
                (
                    [product_id] => 97
                    [quantity] => 1
                    [price] => 13000.00
                )

        )

    [total_amount] => 369700
    [payment_method] => VISA
    [assignment_id] => 31
)
assignment_id: '31'
