2025-07-22T19:39:05+02:00 - {"order_id":38,"status":"Delivered"}
2025-07-22T19:39:19+02:00 - {"order_id":38,"status":"processing"}
2025-07-22T19:39:25+02:00 - {"order_id":38,"status":"shipped"}
2025-07-22T19:39:31+02:00 - {"order_id":38,"status":"delivered"}
2025-07-22T19:39:45+02:00 - {"order_id":38,"status":"pending"}
2025-07-22T19:39:51+02:00 - {"order_id":38,"status":"processing"}
2025-07-22T19:39:54+02:00 - {"order_id":38,"status":"processing"}
2025-07-22T19:40:07+02:00 - {"order_id":37,"status":"processing"}
2025-07-22T19:42:52+02:00 - {"order_id":36,"status":"processing"}
2025-07-22T19:42:59+02:00 - {"order_id":36,"status":"Processing"}
2025-07-22T19:43:11+02:00 - {"order_id":36,"status":"shipped"}
2025-07-22T19:43:16+02:00 - {"order_id":36,"status":"processing"}
2025-07-22T19:43:23+02:00 - {"order_id":36,"status":"Processing"}
2025-07-22T19:47:26+02:00 - {"order_id":38,"status":"Processing"}
2025-07-22T19:47:37+02:00 - {"order_id":38,"status":"shipped"}
2025-07-22T19:47:44+02:00 - {"order_id":38,"status":"processing"}
2025-07-22T19:47:48+02:00 - {"order_id":38,"status":"Processing"}
2025-07-22T19:47:57+02:00 - {"order_id":38,"status":"delivered"}
2025-07-22T19:48:02+02:00 - {"order_id":38,"status":"Delivered"}
2025-07-22T19:48:22+02:00 - {"order_id":37,"status":"Processing"}
2025-07-22T19:48:57+02:00 - {"order_id":38,"status":"Delivered"}
2025-07-22T19:49:06+02:00 - {"order_id":38,"status":"Delivered"}
2025-07-22T19:49:11+02:00 - {"order_id":38,"status":"shipped"}
2025-07-22T19:49:17+02:00 - {"order_id":37,"status":"Processing"}
2025-07-22T19:50:05+02:00 - {"order_id":38,"status":"Shipped"}
2025-07-22T19:50:10+02:00 - {"order_id":38,"status":"processing"}
2025-07-22T19:50:16+02:00 - {"order_id":38,"status":"delivered"}
2025-07-22T20:02:52+02:00 - {"order_id":38,"status":"shipped"}
2025-07-22T20:02:59+02:00 - {"order_id":37,"status":"delivered"}
2025-07-22T20:21:27+02:00 - {"order_id":38,"status":"processing"}
2025-07-22T21:24:06+02:00 - {"order_id":41,"status":"Pending"}
2025-07-22T21:24:20+02:00 - {"order_id":41,"status":"Pending"}
2025-07-22T21:24:45+02:00 - {"order_id":40,"status":"Pending"}
2025-07-22T21:28:01+02:00 - {"order_id":41,"status":"processing"}
2025-07-22T21:28:09+02:00 - {"order_id":40,"status":"Pending"}
2025-07-22T21:28:19+02:00 - {"order_id":41,"status":"Processing"}
2025-07-22T21:29:59+02:00 - {"order_id":40,"status":"processing"}
2025-07-22T21:31:55+02:00 - {"order_id":36,"status":"delivered"}
2025-07-22T21:32:03+02:00 - {"order_id":39,"status":"Pending"}
2025-07-22T21:35:24+02:00 - {"order_id":41,"status":"shipped"}
2025-07-22T22:39:55+02:00 - {"order_id":1,"status":"shipped"}
2025-07-22T22:40:18+02:00 - {"order_id":1,"status":"delivered"}
